mode: set
github.com/Mateus-MS/Gole-Certo/dev/backend/domain/order/order.go:16.75,23.2 1 0
github.com/Mateus-MS/Gole-Certo/dev/main.go:17.13,19.16 2 0
github.com/Mateus-MS/Gole-Certo/dev/main.go:19.16,21.3 1 0
github.com/Mateus-MS/Gole-Certo/dev/main.go:23.2,30.39 5 0
github.com/Mateus-MS/Gole-Certo/dev/main.go:33.50,34.18 1 0
github.com/Mateus-MS/Gole-Certo/dev/main.go:34.18,37.17 3 0
github.com/Mateus-MS/Gole-Certo/dev/main.go:37.17,39.4 1 0
github.com/Mateus-MS/Gole-Certo/dev/backend/domain/user/company.go:14.141,22.53 2 0
github.com/Mateus-MS/Gole-Certo/dev/backend/domain/user/company.go:22.53,24.3 1 0
github.com/Mateus-MS/Gole-Certo/dev/backend/domain/user/company.go:26.2,26.74 1 0
github.com/Mateus-MS/Gole-Certo/dev/backend/domain/user/company.go:26.74,28.3 1 0
github.com/Mateus-MS/Gole-Certo/dev/backend/domain/user/company.go:29.2,29.68 1 0
github.com/Mateus-MS/Gole-Certo/dev/backend/domain/user/company.go:29.68,31.3 1 0
github.com/Mateus-MS/Gole-Certo/dev/backend/domain/user/company.go:33.2,33.84 1 0
github.com/Mateus-MS/Gole-Certo/dev/backend/domain/user/company.go:33.84,35.3 1 0
github.com/Mateus-MS/Gole-Certo/dev/backend/domain/user/company.go:36.2,43.8 2 0
github.com/Mateus-MS/Gole-Certo/dev/backend/domain/user/company.go:46.35,47.24 1 0
github.com/Mateus-MS/Gole-Certo/dev/backend/domain/user/company.go:47.24,49.3 1 0
github.com/Mateus-MS/Gole-Certo/dev/backend/domain/user/company.go:51.2,51.25 1 0
github.com/Mateus-MS/Gole-Certo/dev/backend/domain/user/company.go:51.25,53.3 1 0
github.com/Mateus-MS/Gole-Certo/dev/backend/domain/user/company.go:55.2,55.22 1 0
github.com/Mateus-MS/Gole-Certo/dev/backend/domain/user/company.go:55.22,57.3 1 0
github.com/Mateus-MS/Gole-Certo/dev/backend/domain/user/company.go:59.2,59.24 1 0
github.com/Mateus-MS/Gole-Certo/dev/backend/domain/user/company.go:59.24,61.3 1 0
github.com/Mateus-MS/Gole-Certo/dev/backend/domain/user/company.go:63.2,63.29 1 0
github.com/Mateus-MS/Gole-Certo/dev/backend/domain/user/company.go:63.29,65.3 1 0
github.com/Mateus-MS/Gole-Certo/dev/backend/domain/user/company.go:67.2,67.31 1 0
github.com/Mateus-MS/Gole-Certo/dev/backend/domain/user/company.go:67.31,69.3 1 0
github.com/Mateus-MS/Gole-Certo/dev/backend/domain/user/company.go:71.2,71.29 1 0
github.com/Mateus-MS/Gole-Certo/dev/backend/domain/user/company.go:71.29,73.3 1 0
github.com/Mateus-MS/Gole-Certo/dev/backend/domain/user/company.go:75.2,75.12 1 0
github.com/Mateus-MS/Gole-Certo/dev/backend/domain/user/company.go:78.42,80.2 1 0
github.com/Mateus-MS/Gole-Certo/dev/backend/domain/user/individual.go:11.124,17.50 2 0
github.com/Mateus-MS/Gole-Certo/dev/backend/domain/user/individual.go:17.50,19.3 1 0
github.com/Mateus-MS/Gole-Certo/dev/backend/domain/user/individual.go:22.2,22.84 1 0
github.com/Mateus-MS/Gole-Certo/dev/backend/domain/user/individual.go:22.84,24.3 1 0
github.com/Mateus-MS/Gole-Certo/dev/backend/domain/user/individual.go:25.2,31.8 2 0
github.com/Mateus-MS/Gole-Certo/dev/backend/domain/user/individual.go:34.38,35.23 1 0
github.com/Mateus-MS/Gole-Certo/dev/backend/domain/user/individual.go:35.23,37.3 1 0
github.com/Mateus-MS/Gole-Certo/dev/backend/domain/user/individual.go:39.2,39.25 1 0
github.com/Mateus-MS/Gole-Certo/dev/backend/domain/user/individual.go:39.25,41.3 1 0
github.com/Mateus-MS/Gole-Certo/dev/backend/domain/user/individual.go:43.2,43.22 1 0
github.com/Mateus-MS/Gole-Certo/dev/backend/domain/user/individual.go:43.22,45.3 1 0
github.com/Mateus-MS/Gole-Certo/dev/backend/domain/user/individual.go:47.2,47.24 1 0
github.com/Mateus-MS/Gole-Certo/dev/backend/domain/user/individual.go:47.24,49.3 1 0
github.com/Mateus-MS/Gole-Certo/dev/backend/domain/user/individual.go:51.2,51.29 1 0
github.com/Mateus-MS/Gole-Certo/dev/backend/domain/user/individual.go:51.29,53.3 1 0
github.com/Mateus-MS/Gole-Certo/dev/backend/domain/user/individual.go:55.2,55.12 1 0
github.com/Mateus-MS/Gole-Certo/dev/backend/domain/user/individual.go:58.45,60.2 1 0
github.com/Mateus-MS/Gole-Certo/dev/backend/domain/user/user.go:18.99,29.56 2 0
github.com/Mateus-MS/Gole-Certo/dev/backend/domain/user/user.go:29.56,31.3 1 0
github.com/Mateus-MS/Gole-Certo/dev/backend/domain/user/user.go:34.2,34.37 1 0
github.com/Mateus-MS/Gole-Certo/dev/backend/domain/user/user.go:34.37,36.57 2 0
github.com/Mateus-MS/Gole-Certo/dev/backend/domain/user/user.go:36.57,38.4 1 0
github.com/Mateus-MS/Gole-Certo/dev/backend/domain/user/user.go:39.3,39.33 1 0
github.com/Mateus-MS/Gole-Certo/dev/backend/domain/user/user.go:43.2,43.49 1 0
github.com/Mateus-MS/Gole-Certo/dev/backend/domain/user/user.go:43.49,45.68 2 0
github.com/Mateus-MS/Gole-Certo/dev/backend/domain/user/user.go:45.68,47.4 1 0
github.com/Mateus-MS/Gole-Certo/dev/backend/domain/user/user.go:48.3,48.51 1 0
github.com/Mateus-MS/Gole-Certo/dev/backend/domain/user/user.go:51.2,56.8 1 0
github.com/Mateus-MS/Gole-Certo/dev/backend/domain/user/user.go:59.49,61.2 1 0
github.com/Mateus-MS/Gole-Certo/dev/backend/routes/pages/register.go:10.13,13.2 2 0
github.com/Mateus-MS/Gole-Certo/dev/backend/routes/pages/register.go:15.59,17.2 1 0
github.com/Mateus-MS/Gole-Certo/dev/backend/service/external/duffbeer/service.go:17.68,23.2 1 0
github.com/Mateus-MS/Gole-Certo/dev/backend/routes/api/order/register.go:11.13,14.2 2 0
github.com/Mateus-MS/Gole-Certo/dev/backend/routes/api/order/register.go:16.60,33.64 2 0
github.com/Mateus-MS/Gole-Certo/dev/backend/routes/api/order/register.go:33.64,36.3 2 0
github.com/Mateus-MS/Gole-Certo/dev/backend/routes/api/order/register.go:39.2,39.106 1 0
github.com/Mateus-MS/Gole-Certo/dev/backend/routes/api/order/register.go:39.106,42.3 2 0
github.com/Mateus-MS/Gole-Certo/dev/backend/routes/api/order/register.go:45.2,49.60 4 0
github.com/Mateus-MS/Gole-Certo/dev/backend/routes/api/order/register.go:49.60,51.3 1 0
github.com/Mateus-MS/Gole-Certo/dev/backend/routes/api/user/register.go:12.13,15.2 2 0
github.com/Mateus-MS/Gole-Certo/dev/backend/routes/api/user/register.go:17.64,23.73 4 0
github.com/Mateus-MS/Gole-Certo/dev/backend/routes/api/user/register.go:23.73,26.3 2 0
github.com/Mateus-MS/Gole-Certo/dev/backend/routes/api/user/register.go:29.2,29.29 1 0
github.com/Mateus-MS/Gole-Certo/dev/backend/routes/api/user/register.go:29.29,32.61 2 0
github.com/Mateus-MS/Gole-Certo/dev/backend/routes/api/user/register.go:32.61,35.4 2 0
github.com/Mateus-MS/Gole-Certo/dev/backend/routes/api/user/register.go:36.3,37.13 2 0
github.com/Mateus-MS/Gole-Certo/dev/backend/routes/api/user/register.go:40.2,40.26 1 0
github.com/Mateus-MS/Gole-Certo/dev/backend/routes/api/user/register.go:40.26,43.62 2 0
github.com/Mateus-MS/Gole-Certo/dev/backend/routes/api/user/register.go:43.62,46.4 2 0
github.com/Mateus-MS/Gole-Certo/dev/backend/routes/api/user/register.go:47.3,48.14 2 0
github.com/Mateus-MS/Gole-Certo/dev/backend/routes/api/user/register.go:52.2,52.69 1 0
github.com/Mateus-MS/Gole-Certo/dev/backend/routes/api/user/register.go:52.69,55.3 2 0
github.com/Mateus-MS/Gole-Certo/dev/backend/routes/api/user/search.go:12.13,15.2 2 0
github.com/Mateus-MS/Gole-Certo/dev/backend/routes/api/user/search.go:17.62,23.85 4 0
github.com/Mateus-MS/Gole-Certo/dev/backend/routes/api/user/search.go:23.85,26.3 2 0
github.com/Mateus-MS/Gole-Certo/dev/backend/routes/api/user/search.go:29.2,29.82 1 0
github.com/Mateus-MS/Gole-Certo/dev/backend/routes/api/user/search.go:29.82,32.3 2 0
github.com/Mateus-MS/Gole-Certo/dev/backend/routes/api/user/search.go:34.2,35.55 2 0
github.com/Mateus-MS/Gole-Certo/dev/backend/routes/api/user/search.go:35.55,37.3 1 0
github.com/Mateus-MS/Gole-Certo/dev/backend/service/external/duffbeer/mock/mock.go:15.21,17.2 1 0
github.com/Mateus-MS/Gole-Certo/dev/backend/service/external/duffbeer/mock/mock.go:19.106,21.23 1 0
github.com/Mateus-MS/Gole-Certo/dev/backend/service/external/duffbeer/mock/mock.go:21.23,23.3 1 0
github.com/Mateus-MS/Gole-Certo/dev/backend/service/external/duffbeer/mock/mock.go:26.2,32.18 4 0
github.com/Mateus-MS/Gole-Certo/dev/backend/repository/order.go:21.64,22.73 1 0
github.com/Mateus-MS/Gole-Certo/dev/backend/repository/order.go:22.73,24.3 1 0
github.com/Mateus-MS/Gole-Certo/dev/backend/repository/order.go:26.2,26.12 1 0
github.com/Mateus-MS/Gole-Certo/dev/backend/repository/order.go:29.86,30.89 1 0
github.com/Mateus-MS/Gole-Certo/dev/backend/repository/order.go:30.89,31.43 1 0
github.com/Mateus-MS/Gole-Certo/dev/backend/repository/order.go:31.43,33.4 1 0
github.com/Mateus-MS/Gole-Certo/dev/backend/repository/order.go:36.2,36.17 1 0
github.com/Mateus-MS/Gole-Certo/dev/backend/repository/user.go:16.61,17.73 1 0
github.com/Mateus-MS/Gole-Certo/dev/backend/repository/user.go:17.73,19.3 1 0
github.com/Mateus-MS/Gole-Certo/dev/backend/repository/user.go:21.2,21.12 1 0
github.com/Mateus-MS/Gole-Certo/dev/backend/repository/user.go:34.80,41.84 3 0
github.com/Mateus-MS/Gole-Certo/dev/backend/repository/user.go:41.84,43.43 1 0
github.com/Mateus-MS/Gole-Certo/dev/backend/repository/user.go:43.43,46.4 1 0
github.com/Mateus-MS/Gole-Certo/dev/backend/repository/user.go:48.3,48.16 1 0
github.com/Mateus-MS/Gole-Certo/dev/backend/repository/user.go:52.2,54.37 2 0
github.com/Mateus-MS/Gole-Certo/dev/backend/repository/user.go:54.37,57.52 2 0
github.com/Mateus-MS/Gole-Certo/dev/backend/repository/user.go:57.52,59.19 1 0
github.com/Mateus-MS/Gole-Certo/dev/backend/repository/user.go:60.22,63.52 2 0
github.com/Mateus-MS/Gole-Certo/dev/backend/repository/user.go:63.52,65.6 1 0
github.com/Mateus-MS/Gole-Certo/dev/backend/repository/user.go:66.19,69.53 2 0
github.com/Mateus-MS/Gole-Certo/dev/backend/repository/user.go:69.53,71.6 1 0
github.com/Mateus-MS/Gole-Certo/dev/backend/repository/user.go:72.12,73.38 1 0
github.com/Mateus-MS/Gole-Certo/dev/backend/repository/user.go:79.2,79.33 1 0
github.com/Mateus-MS/Gole-Certo/dev/backend/domain/user/fields/cnpj.go:16.51,19.2 2 1
github.com/Mateus-MS/Gole-Certo/dev/backend/domain/user/fields/cnpj.go:21.46,23.22 1 1
github.com/Mateus-MS/Gole-Certo/dev/backend/domain/user/fields/cnpj.go:23.22,25.3 1 1
github.com/Mateus-MS/Gole-Certo/dev/backend/domain/user/fields/cnpj.go:28.2,34.38 2 1
github.com/Mateus-MS/Gole-Certo/dev/backend/domain/user/fields/cnpj.go:34.38,36.3 1 0
github.com/Mateus-MS/Gole-Certo/dev/backend/domain/user/fields/cnpj.go:39.2,39.32 1 1
github.com/Mateus-MS/Gole-Certo/dev/backend/domain/user/fields/cnpj.go:39.32,41.3 1 0
github.com/Mateus-MS/Gole-Certo/dev/backend/domain/user/fields/cnpj.go:44.2,44.32 1 1
github.com/Mateus-MS/Gole-Certo/dev/backend/domain/user/fields/cnpj.go:44.32,46.3 1 1
github.com/Mateus-MS/Gole-Certo/dev/backend/domain/user/fields/cnpj.go:48.2,48.13 1 1
github.com/Mateus-MS/Gole-Certo/dev/backend/domain/user/fields/cnpj.go:51.56,55.2 2 1
github.com/Mateus-MS/Gole-Certo/dev/backend/domain/user/fields/cnpj.go:57.48,59.15 2 1
github.com/Mateus-MS/Gole-Certo/dev/backend/domain/user/fields/cnpj.go:59.15,61.3 1 1
github.com/Mateus-MS/Gole-Certo/dev/backend/domain/user/fields/cnpj.go:63.2,64.27 2 1
github.com/Mateus-MS/Gole-Certo/dev/backend/domain/user/fields/cnpj.go:64.27,67.3 2 1
github.com/Mateus-MS/Gole-Certo/dev/backend/domain/user/fields/cnpj.go:69.2,71.11 3 1
github.com/Mateus-MS/Gole-Certo/dev/backend/domain/user/fields/cnpj.go:71.11,73.3 1 0
github.com/Mateus-MS/Gole-Certo/dev/backend/domain/user/fields/cnpj.go:73.8,75.3 1 1
github.com/Mateus-MS/Gole-Certo/dev/backend/domain/user/fields/cnpj.go:77.2,78.31 2 1
github.com/Mateus-MS/Gole-Certo/dev/backend/domain/user/fields/cpf.go:16.48,20.2 2 1
github.com/Mateus-MS/Gole-Certo/dev/backend/domain/user/fields/cpf.go:22.45,24.22 1 1
github.com/Mateus-MS/Gole-Certo/dev/backend/domain/user/fields/cpf.go:24.22,26.3 1 1
github.com/Mateus-MS/Gole-Certo/dev/backend/domain/user/fields/cpf.go:29.2,34.12 1 1
github.com/Mateus-MS/Gole-Certo/dev/backend/domain/user/fields/cpf.go:34.12,36.3 1 0
github.com/Mateus-MS/Gole-Certo/dev/backend/domain/user/fields/cpf.go:39.2,40.19 2 1
github.com/Mateus-MS/Gole-Certo/dev/backend/domain/user/fields/cpf.go:40.19,43.3 2 1
github.com/Mateus-MS/Gole-Certo/dev/backend/domain/user/fields/cpf.go:44.2,45.22 2 1
github.com/Mateus-MS/Gole-Certo/dev/backend/domain/user/fields/cpf.go:45.22,47.3 1 0
github.com/Mateus-MS/Gole-Certo/dev/backend/domain/user/fields/cpf.go:48.2,48.37 1 1
github.com/Mateus-MS/Gole-Certo/dev/backend/domain/user/fields/cpf.go:48.37,50.3 1 0
github.com/Mateus-MS/Gole-Certo/dev/backend/domain/user/fields/cpf.go:53.2,54.20 2 1
github.com/Mateus-MS/Gole-Certo/dev/backend/domain/user/fields/cpf.go:54.20,57.3 2 1
github.com/Mateus-MS/Gole-Certo/dev/backend/domain/user/fields/cpf.go:58.2,59.23 2 1
github.com/Mateus-MS/Gole-Certo/dev/backend/domain/user/fields/cpf.go:59.23,61.3 1 0
github.com/Mateus-MS/Gole-Certo/dev/backend/domain/user/fields/cpf.go:62.2,62.39 1 1
github.com/Mateus-MS/Gole-Certo/dev/backend/domain/user/fields/cpf.go:62.39,64.3 1 1
github.com/Mateus-MS/Gole-Certo/dev/backend/domain/user/fields/cpf.go:66.2,66.13 1 1
github.com/Mateus-MS/Gole-Certo/dev/backend/domain/user/fields/cpf.go:69.55,73.2 2 1
github.com/Mateus-MS/Gole-Certo/dev/backend/domain/user/fields/email.go:15.54,19.2 2 1
github.com/Mateus-MS/Gole-Certo/dev/backend/domain/user/fields/email.go:21.47,24.2 2 1
github.com/Mateus-MS/Gole-Certo/dev/backend/domain/user/fields/email.go:26.57,28.2 1 1
github.com/Mateus-MS/Gole-Certo/dev/backend/domain/user/fields/fields.go:26.33,28.2 1 1
github.com/Mateus-MS/Gole-Certo/dev/backend/domain/user/fields/fields.go:31.106,32.22 1 1
github.com/Mateus-MS/Gole-Certo/dev/backend/domain/user/fields/fields.go:32.22,34.3 1 1
github.com/Mateus-MS/Gole-Certo/dev/backend/domain/user/fields/fields.go:35.2,35.36 1 1
github.com/Mateus-MS/Gole-Certo/dev/backend/domain/user/fields/fields.go:39.53,41.51 2 0
github.com/Mateus-MS/Gole-Certo/dev/backend/domain/user/fields/fields.go:41.51,43.3 1 0
github.com/Mateus-MS/Gole-Certo/dev/backend/domain/user/fields/fields.go:45.2,45.26 1 0
github.com/Mateus-MS/Gole-Certo/dev/backend/domain/user/fields/fields.go:45.26,47.3 1 0
github.com/Mateus-MS/Gole-Certo/dev/backend/domain/user/fields/fields.go:49.2,50.12 2 0
github.com/Mateus-MS/Gole-Certo/dev/backend/domain/user/fields/fields.go:53.49,55.2 1 0
github.com/Mateus-MS/Gole-Certo/dev/backend/domain/user/fields/fields.go:58.75,60.59 2 0
github.com/Mateus-MS/Gole-Certo/dev/backend/domain/user/fields/fields.go:60.59,62.3 1 0
github.com/Mateus-MS/Gole-Certo/dev/backend/domain/user/fields/fields.go:64.2,64.26 1 0
github.com/Mateus-MS/Gole-Certo/dev/backend/domain/user/fields/fields.go:64.26,66.3 1 0
github.com/Mateus-MS/Gole-Certo/dev/backend/domain/user/fields/fields.go:68.2,69.12 2 0
github.com/Mateus-MS/Gole-Certo/dev/backend/domain/user/fields/fields.go:72.69,74.2 1 0
github.com/Mateus-MS/Gole-Certo/dev/backend/domain/user/fields/name.go:21.51,27.2 4 1
github.com/Mateus-MS/Gole-Certo/dev/backend/domain/user/fields/name.go:29.46,31.2 1 1
github.com/Mateus-MS/Gole-Certo/dev/backend/domain/user/fields/name.go:39.61,41.2 1 0
github.com/Mateus-MS/Gole-Certo/dev/backend/domain/user/fields/name.go:42.63,44.2 1 0
github.com/Mateus-MS/Gole-Certo/dev/backend/domain/user/fields/phone.go:15.54,19.2 2 1
github.com/Mateus-MS/Gole-Certo/dev/backend/domain/user/fields/phone.go:21.47,24.2 2 1
github.com/Mateus-MS/Gole-Certo/dev/backend/domain/user/fields/phone.go:26.57,34.2 3 1
github.com/Mateus-MS/Gole-Certo/dev/backend/service/product/mock/mock.go:8.21,10.2 1 0
github.com/Mateus-MS/Gole-Certo/dev/backend/service/product/mock/mock.go:12.79,14.2 1 0
github.com/Mateus-MS/Gole-Certo/dev/features/utils/query.go:8.99,10.15 2 0
github.com/Mateus-MS/Gole-Certo/dev/features/utils/query.go:10.15,11.15 1 0
github.com/Mateus-MS/Gole-Certo/dev/features/utils/query.go:11.15,13.4 1 0
github.com/Mateus-MS/Gole-Certo/dev/features/utils/query.go:14.3,14.25 1 0
github.com/Mateus-MS/Gole-Certo/dev/features/utils/query.go:16.2,16.17 1 0
github.com/Mateus-MS/Gole-Certo/dev/features/app/app.go:25.33,26.21 1 0
github.com/Mateus-MS/Gole-Certo/dev/features/app/app.go:26.21,28.3 1 0
github.com/Mateus-MS/Gole-Certo/dev/features/app/app.go:29.2,29.21 1 0
github.com/Mateus-MS/Gole-Certo/dev/features/app/app.go:32.36,47.2 4 0
github.com/Mateus-MS/Gole-Certo/dev/features/app/app.go:49.61,65.2 5 0
github.com/Mateus-MS/Gole-Certo/dev/features/app/db.go:14.54,21.71 4 0
github.com/Mateus-MS/Gole-Certo/dev/features/app/db.go:21.71,23.3 1 0
github.com/Mateus-MS/Gole-Certo/dev/features/app/db.go:25.2,25.20 1 0
github.com/Mateus-MS/Gole-Certo/dev/features/app/router.go:16.28,21.2 1 0
github.com/Mateus-MS/Gole-Certo/dev/features/app/router.go:24.97,25.37 1 0
github.com/Mateus-MS/Gole-Certo/dev/features/app/router.go:25.37,27.81 2 0
github.com/Mateus-MS/Gole-Certo/dev/features/app/router.go:27.81,30.41 2 0
github.com/Mateus-MS/Gole-Certo/dev/features/app/router.go:30.41,33.5 2 0
github.com/Mateus-MS/Gole-Certo/dev/features/app/router.go:35.4,36.30 2 0
github.com/Mateus-MS/Gole-Certo/dev/features/app/router.go:36.30,38.5 1 0
github.com/Mateus-MS/Gole-Certo/dev/features/app/router.go:40.4,41.68 2 0
github.com/Mateus-MS/Gole-Certo/dev/features/app/router.go:45.2,45.44 1 0
github.com/Mateus-MS/Gole-Certo/dev/features/app/router.go:49.65,51.2 1 0
github.com/Mateus-MS/Gole-Certo/dev/features/app/router.go:54.45,56.2 1 0
github.com/Mateus-MS/Gole-Certo/dev/features/utils/test/app.go:22.35,49.2 8 0
github.com/Mateus-MS/Gole-Certo/dev/features/utils/test/utils.go:8.43,13.2 3 0
github.com/Mateus-MS/Gole-Certo/dev/features/utils/test/utils.go:15.47,16.19 1 0
github.com/Mateus-MS/Gole-Certo/dev/features/utils/test/utils.go:16.19,18.3 1 0
github.com/Mateus-MS/Gole-Certo/dev/features/utils/test/order/helpers.go:13.123,16.73 2 0
github.com/Mateus-MS/Gole-Certo/dev/features/utils/test/order/helpers.go:16.73,18.3 1 0
github.com/Mateus-MS/Gole-Certo/dev/features/utils/test/order/helpers.go:20.2,20.19 1 0
github.com/Mateus-MS/Gole-Certo/dev/features/utils/test/order/helpers.go:24.117,27.62 2 0
github.com/Mateus-MS/Gole-Certo/dev/features/utils/test/order/helpers.go:27.62,29.3 1 0
github.com/Mateus-MS/Gole-Certo/dev/features/utils/test/order/helpers.go:31.2,31.17 1 0
github.com/Mateus-MS/Gole-Certo/dev/features/middlewares/CORS.go:8.79,9.46 1 0
github.com/Mateus-MS/Gole-Certo/dev/features/middlewares/CORS.go:9.46,10.72 1 0
github.com/Mateus-MS/Gole-Certo/dev/features/middlewares/CORS.go:10.72,13.48 2 0
github.com/Mateus-MS/Gole-Certo/dev/features/middlewares/CORS.go:13.48,14.36 1 0
github.com/Mateus-MS/Gole-Certo/dev/features/middlewares/CORS.go:14.36,16.6 1 0
github.com/Mateus-MS/Gole-Certo/dev/features/middlewares/CORS.go:20.4,28.38 6 0
github.com/Mateus-MS/Gole-Certo/dev/features/middlewares/CORS.go:28.38,32.5 2 0
github.com/Mateus-MS/Gole-Certo/dev/features/middlewares/CORS.go:34.4,34.24 1 0
github.com/Mateus-MS/Gole-Certo/dev/features/middlewares/middleware.go:21.78,22.45 1 0
github.com/Mateus-MS/Gole-Certo/dev/features/middlewares/middleware.go:22.45,24.3 1 0
github.com/Mateus-MS/Gole-Certo/dev/features/middlewares/middleware.go:26.2,26.44 1 0
github.com/Mateus-MS/Gole-Certo/dev/features/utils/test/user/helpers.go:11.58,23.2 3 0
github.com/Mateus-MS/Gole-Certo/dev/features/utils/test/user/helpers.go:26.52,39.2 3 0
github.com/Mateus-MS/Gole-Certo/dev/features/utils/test/user/helpers.go:42.84,45.55 2 0
github.com/Mateus-MS/Gole-Certo/dev/features/utils/test/user/helpers.go:45.55,47.3 1 0
github.com/Mateus-MS/Gole-Certo/dev/features/utils/test/user/helpers.go:48.2,48.12 1 0
github.com/Mateus-MS/Gole-Certo/dev/frontend/pages/register/index_templ.go:11.37,12.131 1 0
github.com/Mateus-MS/Gole-Certo/dev/frontend/pages/register/index_templ.go:12.131,14.71 2 0
github.com/Mateus-MS/Gole-Certo/dev/frontend/pages/register/index_templ.go:14.71,16.4 1 0
github.com/Mateus-MS/Gole-Certo/dev/frontend/pages/register/index_templ.go:17.3,18.31 2 0
github.com/Mateus-MS/Gole-Certo/dev/frontend/pages/register/index_templ.go:18.31,19.17 1 0
github.com/Mateus-MS/Gole-Certo/dev/frontend/pages/register/index_templ.go:19.17,21.34 2 0
github.com/Mateus-MS/Gole-Certo/dev/frontend/pages/register/index_templ.go:21.34,23.6 1 0
github.com/Mateus-MS/Gole-Certo/dev/frontend/pages/register/index_templ.go:26.3,28.33 3 0
github.com/Mateus-MS/Gole-Certo/dev/frontend/pages/register/index_templ.go:28.33,30.4 1 0
github.com/Mateus-MS/Gole-Certo/dev/frontend/pages/register/index_templ.go:31.3,33.32 3 0
github.com/Mateus-MS/Gole-Certo/dev/frontend/pages/register/index_templ.go:33.32,35.4 1 0
github.com/Mateus-MS/Gole-Certo/dev/frontend/pages/register/index_templ.go:36.3,37.32 2 0
github.com/Mateus-MS/Gole-Certo/dev/frontend/pages/register/index_templ.go:37.32,39.4 1 0
github.com/Mateus-MS/Gole-Certo/dev/frontend/pages/register/index_templ.go:40.3,41.32 2 0
github.com/Mateus-MS/Gole-Certo/dev/frontend/pages/register/index_templ.go:41.32,43.4 1 0
github.com/Mateus-MS/Gole-Certo/dev/frontend/pages/register/index_templ.go:44.3,44.13 1 0
github.com/Mateus-MS/Gole-Certo/dev/frontend/pages/register/index_templ.go:48.29,49.131 1 0
github.com/Mateus-MS/Gole-Certo/dev/frontend/pages/register/index_templ.go:49.131,51.71 2 0
github.com/Mateus-MS/Gole-Certo/dev/frontend/pages/register/index_templ.go:51.71,53.4 1 0
github.com/Mateus-MS/Gole-Certo/dev/frontend/pages/register/index_templ.go:54.3,55.31 2 0
github.com/Mateus-MS/Gole-Certo/dev/frontend/pages/register/index_templ.go:55.31,56.17 1 0
github.com/Mateus-MS/Gole-Certo/dev/frontend/pages/register/index_templ.go:56.17,58.34 2 0
github.com/Mateus-MS/Gole-Certo/dev/frontend/pages/register/index_templ.go:58.34,60.6 1 0
github.com/Mateus-MS/Gole-Certo/dev/frontend/pages/register/index_templ.go:63.3,65.33 3 0
github.com/Mateus-MS/Gole-Certo/dev/frontend/pages/register/index_templ.go:65.33,67.4 1 0
github.com/Mateus-MS/Gole-Certo/dev/frontend/pages/register/index_templ.go:68.3,70.32 3 0
github.com/Mateus-MS/Gole-Certo/dev/frontend/pages/register/index_templ.go:70.32,72.4 1 0
github.com/Mateus-MS/Gole-Certo/dev/frontend/pages/register/index_templ.go:73.3,73.13 1 0
github.com/Mateus-MS/Gole-Certo/dev/backend/service/order/real.go:21.115,27.2 1 1
github.com/Mateus-MS/Gole-Certo/dev/backend/service/order/real.go:29.93,31.52 1 1
github.com/Mateus-MS/Gole-Certo/dev/backend/service/order/real.go:31.52,33.3 1 1
github.com/Mateus-MS/Gole-Certo/dev/backend/service/order/real.go:37.2,37.35 1 1
github.com/Mateus-MS/Gole-Certo/dev/backend/service/order/real.go:37.35,38.64 1 1
github.com/Mateus-MS/Gole-Certo/dev/backend/service/order/real.go:38.64,40.4 1 0
github.com/Mateus-MS/Gole-Certo/dev/backend/service/order/real.go:44.2,52.46 2 1
github.com/Mateus-MS/Gole-Certo/dev/backend/service/order/real.go:52.46,54.3 1 0
github.com/Mateus-MS/Gole-Certo/dev/backend/service/order/real.go:61.2,61.25 1 1
github.com/Mateus-MS/Gole-Certo/dev/backend/service/order/real.go:70.75,74.24 2 1
github.com/Mateus-MS/Gole-Certo/dev/backend/service/order/real.go:74.24,76.3 1 0
github.com/Mateus-MS/Gole-Certo/dev/backend/service/order/real.go:78.2,78.25 1 1
github.com/Mateus-MS/Gole-Certo/dev/backend/service/order/real.go:78.25,80.3 1 0
github.com/Mateus-MS/Gole-Certo/dev/backend/service/order/real.go:82.2,82.26 1 1
github.com/Mateus-MS/Gole-Certo/dev/backend/service/order/real.go:82.26,84.3 1 1
github.com/Mateus-MS/Gole-Certo/dev/backend/service/order/real.go:87.2,87.61 1 1
github.com/Mateus-MS/Gole-Certo/dev/backend/service/order/real.go:87.61,89.3 1 1
github.com/Mateus-MS/Gole-Certo/dev/backend/service/order/real.go:91.2,91.17 1 1
github.com/Mateus-MS/Gole-Certo/dev/backend/service/user/real.go:12.51,14.2 1 1
github.com/Mateus-MS/Gole-Certo/dev/backend/service/user/real.go:17.55,19.37 1 1
github.com/Mateus-MS/Gole-Certo/dev/backend/service/user/real.go:19.37,21.3 1 0
github.com/Mateus-MS/Gole-Certo/dev/backend/service/user/real.go:23.2,23.31 1 1
github.com/Mateus-MS/Gole-Certo/dev/backend/service/user/real.go:26.72,28.2 1 0
